0 info it worked if it ends with ok
1 verbose cli [ '/usr/bin/node',
1 verbose cli   '/usr/bin/npm',
1 verbose cli   'install',
1 verbose cli   'bootstrap-material-design' ]
2 info using npm@3.7.5
3 info using node@v5.7.0
4 verbose config Skipping project config: /home/kareem/.npmrc. (matches userconfig)
5 silly loadCurrentTree Starting
6 silly install loadCurrentTree
7 silly install readLocalPackageData
8 silly fetchPackageMetaData bootstrap-material-design
9 silly fetchNamedPackageData bootstrap-material-design
10 silly mapToRegistry name bootstrap-material-design
11 silly mapToRegistry using default registry
12 silly mapToRegistry registry https://registry.npmjs.org/
13 silly mapToRegistry uri https://registry.npmjs.org/bootstrap-material-design
14 verbose request uri https://registry.npmjs.org/bootstrap-material-design
15 verbose request no auth needed
16 info attempt registry request try #1 at 11:18:59 PM
17 verbose request id 77d43e1de4c3bd1d
18 http request GET https://registry.npmjs.org/bootstrap-material-design
19 http 200 https://registry.npmjs.org/bootstrap-material-design
20 verbose headers { server: 'CouchDB/1.5.0 (Erlang OTP/R16B03)',
20 verbose headers   etag: '"1UGI7TPB4VIS2A5VHO4WVNO6X"',
20 verbose headers   'content-type': 'application/json',
20 verbose headers   'cache-control': 'max-age=300',
20 verbose headers   'content-length': '16078',
20 verbose headers   'accept-ranges': 'bytes',
20 verbose headers   date: 'Sat, 09 Apr 2016 21:19:00 GMT',
20 verbose headers   via: '1.1 varnish',
20 verbose headers   age: '0',
20 verbose headers   connection: 'keep-alive',
20 verbose headers   'x-served-by': 'cache-fra1235-FRA',
20 verbose headers   'x-cache': 'MISS',
20 verbose headers   'x-cache-hits': '0',
20 verbose headers   'x-timer': 'S1460236740.586780,VS0,VE210',
20 verbose headers   vary: 'Accept-Encoding' }
21 silly get cb [ 200,
21 silly get   { server: 'CouchDB/1.5.0 (Erlang OTP/R16B03)',
21 silly get     etag: '"1UGI7TPB4VIS2A5VHO4WVNO6X"',
21 silly get     'content-type': 'application/json',
21 silly get     'cache-control': 'max-age=300',
21 silly get     'content-length': '16078',
21 silly get     'accept-ranges': 'bytes',
21 silly get     date: 'Sat, 09 Apr 2016 21:19:00 GMT',
21 silly get     via: '1.1 varnish',
21 silly get     age: '0',
21 silly get     connection: 'keep-alive',
21 silly get     'x-served-by': 'cache-fra1235-FRA',
21 silly get     'x-cache': 'MISS',
21 silly get     'x-cache-hits': '0',
21 silly get     'x-timer': 'S1460236740.586780,VS0,VE210',
21 silly get     vary: 'Accept-Encoding' } ]
22 verbose get saving bootstrap-material-design to /home/kareem/.npm/registry.npmjs.org/bootstrap-material-design/.cache.json
23 verbose correctMkdir /home/kareem/.npm correctMkdir not in flight; initializing
24 silly install normalizeTree
25 silly loadCurrentTree Finishing
26 silly loadIdealTree Starting
27 silly install loadIdealTree
28 silly cloneCurrentTree Starting
29 silly install cloneCurrentTreeToIdealTree
30 silly cloneCurrentTree Finishing
31 silly loadShrinkwrap Starting
32 silly install loadShrinkwrap
33 silly loadShrinkwrap Finishing
34 silly loadAllDepsIntoIdealTree Starting
35 silly install loadAllDepsIntoIdealTree
36 silly resolveWithNewModule bootstrap-material-design@4.0.1 checking installable status
37 silly cache add args [ 'bootstrap-material-design', null ]
38 verbose cache add spec bootstrap-material-design
39 silly cache add parsed spec Result {
39 silly cache add   raw: 'bootstrap-material-design',
39 silly cache add   scope: null,
39 silly cache add   name: 'bootstrap-material-design',
39 silly cache add   rawSpec: '',
39 silly cache add   spec: 'latest',
39 silly cache add   type: 'tag' }
40 silly addNamed bootstrap-material-design@latest
41 verbose addNamed "latest" is being treated as a dist-tag for bootstrap-material-design
42 info addNameTag [ 'bootstrap-material-design', 'latest' ]
43 silly mapToRegistry name bootstrap-material-design
44 silly mapToRegistry using default registry
45 silly mapToRegistry registry https://registry.npmjs.org/
46 silly mapToRegistry uri https://registry.npmjs.org/bootstrap-material-design
47 verbose addNameTag registry:https://registry.npmjs.org/bootstrap-material-design not in flight; fetching
48 verbose get https://registry.npmjs.org/bootstrap-material-design not expired, no request
49 silly addNameTag next cb for bootstrap-material-design with tag latest
50 silly addNamed bootstrap-material-design@4.0.1
51 verbose addNamed "4.0.1" is a plain semver version for bootstrap-material-design
52 silly mapToRegistry name bootstrap-material-design
53 silly mapToRegistry using default registry
54 silly mapToRegistry registry https://registry.npmjs.org/
55 silly mapToRegistry uri https://registry.npmjs.org/bootstrap-material-design
56 verbose addRemoteTarball https://registry.npmjs.org/bootstrap-material-design/-/bootstrap-material-design-4.0.1.tgz not in flight; adding
57 verbose addRemoteTarball [ 'https://registry.npmjs.org/bootstrap-material-design/-/bootstrap-material-design-4.0.1.tgz',
57 verbose addRemoteTarball   'f903157c54ba9c31e760be30d5d60d412102ee2f' ]
58 info retry fetch attempt 1 at 11:19:01 PM
59 info attempt registry request try #1 at 11:19:01 PM
60 http fetch GET https://registry.npmjs.org/bootstrap-material-design/-/bootstrap-material-design-4.0.1.tgz
61 http fetch 200 https://registry.npmjs.org/bootstrap-material-design/-/bootstrap-material-design-4.0.1.tgz
62 silly fetchAndShaCheck shasum f903157c54ba9c31e760be30d5d60d412102ee2f
63 verbose addTmpTarball /tmp/npm-20926-66b467db/registry.npmjs.org/bootstrap-material-design/-/bootstrap-material-design-4.0.1.tgz not in flight; adding
64 verbose addTmpTarball already have metadata; skipping unpack for bootstrap-material-design@4.0.1
65 verbose correctMkdir /home/kareem/.npm correctMkdir not in flight; initializing
66 silly cache afterAdd bootstrap-material-design@4.0.1
67 verbose afterAdd /home/kareem/.npm/bootstrap-material-design/4.0.1/package/package.json not in flight; writing
68 verbose correctMkdir /home/kareem/.npm correctMkdir not in flight; initializing
69 verbose afterAdd /home/kareem/.npm/bootstrap-material-design/4.0.1/package/package.json written
70 silly fetchNamedPackageData jquery
71 silly mapToRegistry name jquery
72 silly mapToRegistry using default registry
73 silly mapToRegistry registry https://registry.npmjs.org/
74 silly mapToRegistry uri https://registry.npmjs.org/jquery
75 silly fetchNamedPackageData tether
76 silly mapToRegistry name tether
77 silly mapToRegistry using default registry
78 silly mapToRegistry registry https://registry.npmjs.org/
79 silly mapToRegistry uri https://registry.npmjs.org/tether
80 silly fetchOtherPackageData bootstrap@github:twbs/bootstrap#v4-dev
81 silly cache add args [ 'bootstrap@github:twbs/bootstrap#v4-dev', null ]
82 verbose cache add spec bootstrap@github:twbs/bootstrap#v4-dev
83 verbose request uri https://registry.npmjs.org/jquery
84 verbose request no auth needed
85 info attempt registry request try #1 at 11:19:10 PM
86 http request GET https://registry.npmjs.org/jquery
87 verbose request uri https://registry.npmjs.org/tether
88 verbose request no auth needed
89 info attempt registry request try #1 at 11:19:10 PM
90 http request GET https://registry.npmjs.org/tether
91 silly cache add parsed spec Result {
91 silly cache add   raw: 'bootstrap@github:twbs/bootstrap#v4-dev',
91 silly cache add   scope: null,
91 silly cache add   name: 'bootstrap',
91 silly cache add   rawSpec: 'github:twbs/bootstrap#v4-dev',
91 silly cache add   spec: 'github:twbs/bootstrap#v4-dev',
91 silly cache add   type: 'hosted',
91 silly cache add   hosted:
91 silly cache add    { type: 'github',
91 silly cache add      ssh: 'git@github.com:twbs/bootstrap.git#v4-dev',
91 silly cache add      sshUrl: 'git+ssh://git@github.com/twbs/bootstrap.git#v4-dev',
91 silly cache add      httpsUrl: 'git+https://github.com/twbs/bootstrap.git#v4-dev',
91 silly cache add      gitUrl: 'git://github.com/twbs/bootstrap.git#v4-dev',
91 silly cache add      shortcut: 'github:twbs/bootstrap#v4-dev',
91 silly cache add      directUrl: 'https://raw.githubusercontent.com/twbs/bootstrap/v4-dev/package.json' } }
92 verbose addRemoteGit caching github:twbs/bootstrap#v4-dev
93 verbose addRemoteGit twbs/bootstrap#v4-dev is a repository hosted by github
94 silly tryGitProto attempting to clone git://github.com/twbs/bootstrap.git#v4-dev
95 silly tryClone cloning twbs/bootstrap#v4-dev via git://github.com/twbs/bootstrap.git#v4-dev
96 verbose tryClone git-github-com-twbs-bootstrap-git-v4-dev-846cfaf9 not in flight; caching
97 verbose correctMkdir /home/kareem/.npm/_git-remotes correctMkdir not in flight; initializing
98 verbose makeDirectory /home/kareem/.npm/_git-remotes creation not in flight; initializing
99 silly makeDirectory /home/kareem/.npm/_git-remotes uid: 1000 gid: 100
100 info git [ 'clone',
100 info git   '--template=/home/kareem/.npm/_git-remotes/_templates',
100 info git   '--mirror',
100 info git   'git://github.com/twbs/bootstrap.git',
100 info git   '/home/kareem/.npm/_git-remotes/git-github-com-twbs-bootstrap-git-v4-dev-846cfaf9' ]
101 http 200 https://registry.npmjs.org/jquery
102 verbose headers { server: 'CouchDB/1.5.0 (Erlang OTP/R16B03)',
102 verbose headers   etag: '"6NIDEEJE18YBPP8N69F82DW1K"',
102 verbose headers   'content-type': 'application/json',
102 verbose headers   'content-encoding': 'gzip',
102 verbose headers   'cache-control': 'max-age=300',
102 verbose headers   'content-length': '9809',
102 verbose headers   'accept-ranges': 'bytes',
102 verbose headers   date: 'Sat, 09 Apr 2016 21:19:10 GMT',
102 verbose headers   via: '1.1 varnish',
102 verbose headers   age: '168',
102 verbose headers   connection: 'keep-alive',
102 verbose headers   'x-served-by': 'cache-fra1238-FRA',
102 verbose headers   'x-cache': 'HIT',
102 verbose headers   'x-cache-hits': '1',
102 verbose headers   'x-timer': 'S1460236750.507300,VS0,VE0',
102 verbose headers   vary: 'Accept-Encoding' }
103 silly get cb [ 200,
103 silly get   { server: 'CouchDB/1.5.0 (Erlang OTP/R16B03)',
103 silly get     etag: '"6NIDEEJE18YBPP8N69F82DW1K"',
103 silly get     'content-type': 'application/json',
103 silly get     'content-encoding': 'gzip',
103 silly get     'cache-control': 'max-age=300',
103 silly get     'content-length': '9809',
103 silly get     'accept-ranges': 'bytes',
103 silly get     date: 'Sat, 09 Apr 2016 21:19:10 GMT',
103 silly get     via: '1.1 varnish',
103 silly get     age: '168',
103 silly get     connection: 'keep-alive',
103 silly get     'x-served-by': 'cache-fra1238-FRA',
103 silly get     'x-cache': 'HIT',
103 silly get     'x-cache-hits': '1',
103 silly get     'x-timer': 'S1460236750.507300,VS0,VE0',
103 silly get     vary: 'Accept-Encoding' } ]
104 verbose get saving jquery to /home/kareem/.npm/registry.npmjs.org/jquery/.cache.json
105 verbose correctMkdir /home/kareem/.npm correctMkdir not in flight; initializing
106 silly resolveWithNewModule jquery@2.2.3 checking installable status
107 silly cache add args [ 'jquery@^2.2', null ]
108 verbose cache add spec jquery@^2.2
109 silly cache add parsed spec Result {
109 silly cache add   raw: 'jquery@^2.2',
109 silly cache add   scope: null,
109 silly cache add   name: 'jquery',
109 silly cache add   rawSpec: '^2.2',
109 silly cache add   spec: '>=2.2.0 <3.0.0',
109 silly cache add   type: 'range' }
110 silly addNamed jquery@>=2.2.0 <3.0.0
111 verbose addNamed ">=2.2.0 <3.0.0" is a valid semver range for jquery
112 silly addNameRange { name: 'jquery', range: '>=2.2.0 <3.0.0', hasData: false }
113 silly mapToRegistry name jquery
114 silly mapToRegistry using default registry
115 silly mapToRegistry registry https://registry.npmjs.org/
116 silly mapToRegistry uri https://registry.npmjs.org/jquery
117 verbose addNameRange registry:https://registry.npmjs.org/jquery not in flight; fetching
118 verbose get https://registry.npmjs.org/jquery not expired, no request
119 silly addNameRange number 2 { name: 'jquery', range: '>=2.2.0 <3.0.0', hasData: true }
120 silly addNameRange versions [ 'jquery',
120 silly addNameRange   [ '1.5.1',
120 silly addNameRange     '1.6.2',
120 silly addNameRange     '1.6.3',
120 silly addNameRange     '1.7.2',
120 silly addNameRange     '1.7.3',
120 silly addNameRange     '1.8.2',
120 silly addNameRange     '1.8.3',
120 silly addNameRange     '2.1.0-beta2',
120 silly addNameRange     '2.1.0-beta3',
120 silly addNameRange     '1.11.0-beta3',
120 silly addNameRange     '1.11.0-rc1',
120 silly addNameRange     '2.1.0-rc1',
120 silly addNameRange     '1.11.0',
120 silly addNameRange     '2.1.0',
120 silly addNameRange     '2.1.1-beta1',
120 silly addNameRange     '1.11.1-beta1',
120 silly addNameRange     '2.1.1-rc1',
120 silly addNameRange     '1.11.1-rc1',
120 silly addNameRange     '2.1.1-rc2',
120 silly addNameRange     '1.11.1-rc2',
120 silly addNameRange     '2.1.1',
120 silly addNameRange     '1.11.1',
120 silly addNameRange     '1.9.1',
120 silly addNameRange     '2.1.2',
120 silly addNameRange     '1.11.2',
120 silly addNameRange     '2.1.3',
120 silly addNameRange     '2.1.4',
120 silly addNameRange     '1.11.3',
120 silly addNameRange     '3.0.0-alpha1',
120 silly addNameRange     '1.12.0',
120 silly addNameRange     '2.2.0',
120 silly addNameRange     '3.0.0-beta1',
120 silly addNameRange     '1.12.1',
120 silly addNameRange     '2.2.1',
120 silly addNameRange     '1.12.2',
120 silly addNameRange     '2.2.2',
120 silly addNameRange     '1.12.3',
120 silly addNameRange     '2.2.3' ] ]
121 silly addNamed jquery@2.2.3
122 verbose addNamed "2.2.3" is a plain semver version for jquery
123 silly mapToRegistry name jquery
124 silly mapToRegistry using default registry
125 silly mapToRegistry registry https://registry.npmjs.org/
126 silly mapToRegistry uri https://registry.npmjs.org/jquery
127 verbose addRemoteTarball https://registry.npmjs.org/jquery/-/jquery-2.2.3.tgz not in flight; adding
128 verbose addRemoteTarball [ 'https://registry.npmjs.org/jquery/-/jquery-2.2.3.tgz',
128 verbose addRemoteTarball   '45e07e4190334de36c9e1a64b43b1f1373d91758' ]
129 info retry fetch attempt 1 at 11:19:10 PM
130 info attempt registry request try #1 at 11:19:10 PM
131 http fetch GET https://registry.npmjs.org/jquery/-/jquery-2.2.3.tgz
132 http 200 https://registry.npmjs.org/tether
133 verbose headers { server: 'CouchDB/1.5.0 (Erlang OTP/R16B03)',
133 verbose headers   etag: '"1X1JPCH5AG2AXIOOKA4AH7LAE"',
133 verbose headers   'content-type': 'application/json',
133 verbose headers   'content-encoding': 'gzip',
133 verbose headers   'cache-control': 'max-age=300',
133 verbose headers   'content-length': '5220',
133 verbose headers   'accept-ranges': 'bytes',
133 verbose headers   date: 'Sat, 09 Apr 2016 21:19:10 GMT',
133 verbose headers   via: '1.1 varnish',
133 verbose headers   age: '189',
133 verbose headers   connection: 'keep-alive',
133 verbose headers   'x-served-by': 'cache-fra1242-FRA',
133 verbose headers   'x-cache': 'HIT',
133 verbose headers   'x-cache-hits': '1',
133 verbose headers   'x-timer': 'S1460236750.587457,VS0,VE0',
133 verbose headers   vary: 'Accept-Encoding' }
134 silly get cb [ 200,
134 silly get   { server: 'CouchDB/1.5.0 (Erlang OTP/R16B03)',
134 silly get     etag: '"1X1JPCH5AG2AXIOOKA4AH7LAE"',
134 silly get     'content-type': 'application/json',
134 silly get     'content-encoding': 'gzip',
134 silly get     'cache-control': 'max-age=300',
134 silly get     'content-length': '5220',
134 silly get     'accept-ranges': 'bytes',
134 silly get     date: 'Sat, 09 Apr 2016 21:19:10 GMT',
134 silly get     via: '1.1 varnish',
134 silly get     age: '189',
134 silly get     connection: 'keep-alive',
134 silly get     'x-served-by': 'cache-fra1242-FRA',
134 silly get     'x-cache': 'HIT',
134 silly get     'x-cache-hits': '1',
134 silly get     'x-timer': 'S1460236750.587457,VS0,VE0',
134 silly get     vary: 'Accept-Encoding' } ]
135 verbose get saving tether to /home/kareem/.npm/registry.npmjs.org/tether/.cache.json
136 verbose correctMkdir /home/kareem/.npm correctMkdir not in flight; initializing
137 silly resolveWithNewModule tether@1.2.0 checking installable status
138 silly cache add args [ 'tether@^1.2.0', null ]
139 verbose cache add spec tether@^1.2.0
140 silly cache add parsed spec Result {
140 silly cache add   raw: 'tether@^1.2.0',
140 silly cache add   scope: null,
140 silly cache add   name: 'tether',
140 silly cache add   rawSpec: '^1.2.0',
140 silly cache add   spec: '>=1.2.0 <2.0.0',
140 silly cache add   type: 'range' }
141 silly addNamed tether@>=1.2.0 <2.0.0
142 verbose addNamed ">=1.2.0 <2.0.0" is a valid semver range for tether
143 silly addNameRange { name: 'tether', range: '>=1.2.0 <2.0.0', hasData: false }
144 silly mapToRegistry name tether
145 silly mapToRegistry using default registry
146 silly mapToRegistry registry https://registry.npmjs.org/
147 silly mapToRegistry uri https://registry.npmjs.org/tether
148 verbose addNameRange registry:https://registry.npmjs.org/tether not in flight; fetching
149 verbose get https://registry.npmjs.org/tether not expired, no request
150 silly addNameRange number 2 { name: 'tether', range: '>=1.2.0 <2.0.0', hasData: true }
151 silly addNameRange versions [ 'tether',
151 silly addNameRange   [ '0.5.2',
151 silly addNameRange     '0.6.5',
151 silly addNameRange     '0.7.1',
151 silly addNameRange     '0.7.2',
151 silly addNameRange     '1.0.0',
151 silly addNameRange     '1.0.1',
151 silly addNameRange     '1.0.2',
151 silly addNameRange     '1.0.3',
151 silly addNameRange     '1.1.0',
151 silly addNameRange     '1.1.1',
151 silly addNameRange     '1.2.0' ] ]
152 silly addNamed tether@1.2.0
153 verbose addNamed "1.2.0" is a plain semver version for tether
154 silly mapToRegistry name tether
155 silly mapToRegistry using default registry
156 silly mapToRegistry registry https://registry.npmjs.org/
157 silly mapToRegistry uri https://registry.npmjs.org/tether
158 verbose addRemoteTarball https://registry.npmjs.org/tether/-/tether-1.2.0.tgz not in flight; adding
159 verbose addRemoteTarball [ 'https://registry.npmjs.org/tether/-/tether-1.2.0.tgz',
159 verbose addRemoteTarball   'f49d20d08451949f6c0d25b824d185542a0ce27a' ]
160 info retry fetch attempt 1 at 11:19:10 PM
161 info attempt registry request try #1 at 11:19:10 PM
162 http fetch GET https://registry.npmjs.org/tether/-/tether-1.2.0.tgz
163 http fetch 200 https://registry.npmjs.org/jquery/-/jquery-2.2.3.tgz
164 http fetch 200 https://registry.npmjs.org/tether/-/tether-1.2.0.tgz
165 silly fetchAndShaCheck shasum f49d20d08451949f6c0d25b824d185542a0ce27a
166 verbose addTmpTarball /tmp/npm-20926-66b467db/registry.npmjs.org/tether/-/tether-1.2.0.tgz not in flight; adding
167 verbose addTmpTarball already have metadata; skipping unpack for tether@1.2.0
168 verbose correctMkdir /home/kareem/.npm correctMkdir not in flight; initializing
169 silly cache afterAdd tether@1.2.0
170 verbose afterAdd /home/kareem/.npm/tether/1.2.0/package/package.json not in flight; writing
171 verbose correctMkdir /home/kareem/.npm correctMkdir not in flight; initializing
172 verbose afterAdd /home/kareem/.npm/tether/1.2.0/package/package.json written
173 silly fetchAndShaCheck shasum 45e07e4190334de36c9e1a64b43b1f1373d91758
174 verbose addTmpTarball /tmp/npm-20926-66b467db/registry.npmjs.org/jquery/-/jquery-2.2.3.tgz not in flight; adding
175 verbose addTmpTarball already have metadata; skipping unpack for jquery@2.2.3
176 verbose correctMkdir /home/kareem/.npm correctMkdir not in flight; initializing
177 silly cache afterAdd jquery@2.2.3
178 verbose afterAdd /home/kareem/.npm/jquery/2.2.3/package/package.json not in flight; writing
179 verbose correctMkdir /home/kareem/.npm correctMkdir not in flight; initializing
180 verbose afterAdd /home/kareem/.npm/jquery/2.2.3/package/package.json written
181 verbose mirrorRemote twbs/bootstrap#v4-dev git clone git://github.com/twbs/bootstrap.git
182 verbose correctMkdir /home/kareem/.npm/_git-remotes correctMkdir not in flight; initializing
183 verbose setPermissions twbs/bootstrap#v4-dev set permissions on /home/kareem/.npm/_git-remotes/git-github-com-twbs-bootstrap-git-v4-dev-846cfaf9
184 verbose resolveHead twbs/bootstrap#v4-dev original treeish: v4-dev
185 info git [ 'rev-list', '-n1', 'v4-dev' ]
186 silly resolveHead twbs/bootstrap#v4-dev resolved treeish: 2cc75671e143587ace7efaf79c5b3350a711d57d
187 verbose resolveHead twbs/bootstrap#v4-dev resolved Git URL: git://github.com/twbs/bootstrap.git#2cc75671e143587ace7efaf79c5b3350a711d57d
188 silly resolveHead Git working directory: /tmp/npm-20926-66b467db/git-cache-40d9c6a1/2cc75671e143587ace7efaf79c5b3350a711d57d
189 info git [ 'clone',
189 info git   '/home/kareem/.npm/_git-remotes/git-github-com-twbs-bootstrap-git-v4-dev-846cfaf9',
189 info git   '/tmp/npm-20926-66b467db/git-cache-40d9c6a1/2cc75671e143587ace7efaf79c5b3350a711d57d' ]
190 verbose cloneResolved twbs/bootstrap#v4-dev clone Cloning into '/tmp/npm-20926-66b467db/git-cache-40d9c6a1/2cc75671e143587ace7efaf79c5b3350a711d57d'...
190 verbose cloneResolved done.
191 info git [ 'checkout', '2cc75671e143587ace7efaf79c5b3350a711d57d' ]
192 verbose checkoutTreeish twbs/bootstrap#v4-dev checkout Note: checking out '2cc75671e143587ace7efaf79c5b3350a711d57d'.
192 verbose checkoutTreeish
192 verbose checkoutTreeish You are in 'detached HEAD' state. You can look around, make experimental
192 verbose checkoutTreeish changes and commit them, and you can discard any commits you make in this
192 verbose checkoutTreeish state without impacting any branches by performing another checkout.
192 verbose checkoutTreeish
192 verbose checkoutTreeish If you want to create a new branch to retain commits you create, you may
192 verbose checkoutTreeish do so (now or later) by using -b with the checkout command again. Example:
192 verbose checkoutTreeish
192 verbose checkoutTreeish   git checkout -b <new-branch-name>
192 verbose checkoutTreeish
192 verbose checkoutTreeish HEAD is now at 2cc7567... Fixes #19690: Mention classes better for .list-inline and .list-inline-item
193 info git [ 'submodule', '-q', 'update', '--init', '--recursive' ]
194 verbose updateSubmodules twbs/bootstrap#v4-dev submodule update
195 verbose addLocalDirectory /home/kareem/.npm/bootstrap/4.0.0-alpha.2/package.tgz not in flight; packing
196 verbose correctMkdir /home/kareem/.npm correctMkdir not in flight; initializing
197 verbose tar pack [ '/home/kareem/.npm/bootstrap/4.0.0-alpha.2/package.tgz',
197 verbose tar pack   '/tmp/npm-20926-66b467db/git-cache-40d9c6a1/2cc75671e143587ace7efaf79c5b3350a711d57d' ]
198 verbose tarball /home/kareem/.npm/bootstrap/4.0.0-alpha.2/package.tgz
199 verbose folder /tmp/npm-20926-66b467db/git-cache-40d9c6a1/2cc75671e143587ace7efaf79c5b3350a711d57d
200 verbose addLocalTarball adding from inside cache /home/kareem/.npm/bootstrap/4.0.0-alpha.2/package.tgz
201 verbose correctMkdir /home/kareem/.npm correctMkdir not in flight; initializing
202 verbose addRemoteGit data._from: twbs/bootstrap#v4-dev
203 verbose addRemoteGit data._resolved: git://github.com/twbs/bootstrap.git#2cc75671e143587ace7efaf79c5b3350a711d57d
204 silly cache afterAdd bootstrap@4.0.0-alpha.2
205 verbose afterAdd /home/kareem/.npm/bootstrap/4.0.0-alpha.2/package/package.json not in flight; writing
206 verbose correctMkdir /home/kareem/.npm correctMkdir not in flight; initializing
207 verbose afterAdd /home/kareem/.npm/bootstrap/4.0.0-alpha.2/package/package.json written
208 silly resolveWithNewModule bootstrap@4.0.0-alpha.2 checking installable status
209 silly loadAllDepsIntoIdealTree Finishing
210 silly idealTree:prePrune kareem
210 silly idealTree:prePrune ├── bootstrap-material-design@4.0.1
210 silly idealTree:prePrune ├── bootstrap@4.0.0-alpha.2
210 silly idealTree:prePrune ├── jquery@2.2.3
210 silly idealTree:prePrune └── tether@1.2.0
211 silly loadIdealTree Finishing
212 silly currentTree kareem
213 silly idealTree kareem
213 silly idealTree ├── bootstrap-material-design@4.0.1
213 silly idealTree ├── bootstrap@4.0.0-alpha.2
213 silly idealTree ├── jquery@2.2.3
213 silly idealTree └── tether@1.2.0
214 silly generateActionsToTake Starting
215 silly install generateActionsToTake
216 warn checkPermissions Missing write access to /home/kareem/node_modules
217 silly rollbackFailedOptional Starting
218 silly rollbackFailedOptional Finishing
219 silly runTopLevelLifecycles Starting
220 silly runTopLevelLifecycles Finishing
221 silly install printInstalled
222 warn enoent ENOENT: no such file or directory, open '/home/kareem/package.json'
223 warn kareem No description
224 warn kareem No repository field.
225 warn kareem No README data
226 warn kareem No license field.
227 verbose stack Error: EACCES: permission denied, access '/home/kareem/node_modules'
227 verbose stack     at Error (native)
228 verbose cwd /home/kareem/Desktop/wordSearch
229 error Linux 4.1.13-1-MANJARO
230 error argv "/usr/bin/node" "/usr/bin/npm" "install" "bootstrap-material-design"
231 error node v5.7.0
232 error npm  v3.7.5
233 error path /home/kareem/node_modules
234 error code EACCES
235 error errno -13
236 error syscall access
237 error Error: EACCES: permission denied, access '/home/kareem/node_modules'
237 error     at Error (native)
237 error  { [Error: EACCES: permission denied, access '/home/kareem/node_modules']
237 error   errno: -13,
237 error   code: 'EACCES',
237 error   syscall: 'access',
237 error   path: '/home/kareem/node_modules' }
238 error Please try running this command again as root/Administrator.
239 verbose exit [ -13, true ]
